<?xml version="1.0" encoding="UTF-8"?>
<testsuite xmlns:xsi="http://www.w3.org/2001/XMLSchema-instance" xsi:noNamespaceSchemaLocation="https://maven.apache.org/surefire/maven-surefire-plugin/xsd/surefire-test-report-3.0.xsd" version="3.0" name="com.examplemyapp.Exercise2.controller.UserControllerTest" time="3.202" tests="3" errors="0" skipped="0" failures="0">
  <properties>
[...]
</properties>
  <testcase name="testGetAllUsers" classname="com.examplemyapp.Exercise2.controller.UserControllerTest" time="0.328">
    <system-out><![CDATA[12:36:52.323 [main] INFO org.springframework.test.context.support.AnnotationConfigContextLoaderUtils -- Could not detect default configuration classes for test class [com.examplemyapp.Exercise2.controller.UserControllerTest]: UserControllerTest does not declare any static, non-private, non-final, nested classes annotated with @Configuration.
12:36:52.484 [main] INFO org.springframework.boot.test.context.SpringBootTestContextBootstrapper -- Found @SpringBootConfiguration com.examplemyapp.Exercise2.Exercise2Application for test class com.examplemyapp.Exercise2.controller.UserControllerTest

  .   ____          _            __ _ _
 /\\ / ___'_ __ _ _(_)_ __  __ _ \ \ \ \
( ( )\___ | '_ | '_| | '_ \/ _` | \ \ \ \
 \\/  ___)| |_)| | | | | || (_| |  ) ) ) )
  '  |____| .__|_| |_|_| |_\__, | / / / /
 =========|_|==============|___/=/_/_/_/

 :: Spring Boot ::                (v3.3.5)

2024-11-04T12:36:52.838-06:00  INFO 24332 --- [Exercise2] [           main] c.e.E.controller.UserControllerTest      : Starting UserControllerTest using Java 17.0.12 with PID 24332 (started by Daylon Bates in C:\Users\Daylon Bates\Downloads\Exercise2\Exercise2)
2024-11-04T12:36:52.838-06:00  INFO 24332 --- [Exercise2] [           main] c.e.E.controller.UserControllerTest      : No active profile set, falling back to 1 default profile: "default"
2024-11-04T12:36:54.901-06:00  INFO 24332 --- [Exercise2] [           main] o.s.b.t.m.w.SpringBootMockServletContext : Initializing Spring TestDispatcherServlet ''
2024-11-04T12:36:54.902-06:00  INFO 24332 --- [Exercise2] [           main] o.s.t.web.servlet.TestDispatcherServlet  : Initializing Servlet ''
2024-11-04T12:36:54.905-06:00  INFO 24332 --- [Exercise2] [           main] o.s.t.web.servlet.TestDispatcherServlet  : Completed initialization in 1 ms
2024-11-04T12:36:54.942-06:00  INFO 24332 --- [Exercise2] [           main] c.e.E.controller.UserControllerTest      : Started UserControllerTest in 2.375 seconds (process running for 3.468)
]]></system-out>
  </testcase>
  <testcase name="testGetUserById_UserExists" classname="com.examplemyapp.Exercise2.controller.UserControllerTest" time="0.034"/>
  <testcase name="testGetUserById_UserNotFound" classname="com.examplemyapp.Exercise2.controller.UserControllerTest" time="0.005"/>
</testsuite>